<?xml version="1.0" encoding="UTF-8"?>
<testng-results skipped="0" failed="0" ignored="6" total="13" passed="7">
  <reporter-output>
  </reporter-output>
  <suite name="All Test Suite" duration-ms="38005" started-at="2022-03-17T02:03:10 EET" finished-at="2022-03-17T02:03:48 EET">
    <groups>
    </groups>
    <test name="Blog Feature Test" duration-ms="38005" started-at="2022-03-17T02:03:10 EET" finished-at="2022-03-17T02:03:48 EET">
      <class name="tests.EmptyFieldTest">
        <test-method status="PASS" signature="subscribe_With_All_Empty_Fields()[pri:0, instance:tests.EmptyFieldTest@9cb927e]" name="subscribe_With_All_Empty_Fields" duration-ms="5157" started-at="2022-03-17T02:03:21 EET" finished-at="2022-03-17T02:03:26 EET">
          <reporter-output>
          </reporter-output>
        </test-method> <!-- subscribe_With_All_Empty_Fields -->
        <test-method status="PASS" signature="subscribe_With_Empty_First_Name_Field()[pri:1, instance:tests.EmptyFieldTest@9cb927e]" name="subscribe_With_Empty_First_Name_Field" duration-ms="7312" started-at="2022-03-17T02:03:26 EET" finished-at="2022-03-17T02:03:34 EET">
          <reporter-output>
          </reporter-output>
        </test-method> <!-- subscribe_With_Empty_First_Name_Field -->
        <test-method status="PASS" signature="subscribe_With_Empty_Last_Name_Field()[pri:2, instance:tests.EmptyFieldTest@9cb927e]" name="subscribe_With_Empty_Last_Name_Field" duration-ms="6996" started-at="2022-03-17T02:03:34 EET" finished-at="2022-03-17T02:03:41 EET">
          <reporter-output>
          </reporter-output>
        </test-method> <!-- subscribe_With_Empty_Last_Name_Field -->
        <test-method status="PASS" signature="subscribe_With_Empty_Email_Field()[pri:3, instance:tests.EmptyFieldTest@9cb927e]" name="subscribe_With_Empty_Email_Field" duration-ms="7273" started-at="2022-03-17T02:03:41 EET" finished-at="2022-03-17T02:03:48 EET">
          <reporter-output>
          </reporter-output>
        </test-method> <!-- subscribe_With_Empty_Email_Field -->
      </class> <!-- tests.EmptyFieldTest -->
      <class name="tests.EmailFormatTest">
        <test-method status="PASS" signature="subscribe_With_Invalid_Email_Format()[pri:0, instance:tests.EmailFormatTest@36478bce]" name="subscribe_With_Invalid_Email_Format" duration-ms="3475" started-at="2022-03-17T02:03:18 EET" finished-at="2022-03-17T02:03:21 EET">
          <reporter-output>
          </reporter-output>
        </test-method> <!-- subscribe_With_Invalid_Email_Format -->
      </class> <!-- tests.EmailFormatTest -->
      <class name="tests.PlaceHolderTest">
        <test-method status="PASS" signature="startUp(java.lang.String)[pri:0, instance:tests.PlaceHolderTest@3967e60c]" name="startUp" is-config="true" duration-ms="18203" started-at="2022-03-17T02:02:52 EET" finished-at="2022-03-17T02:03:10 EET">
          <params>
            <param index="0">
              <value>
                <![CDATA[chrome]]>
              </value>
            </param>
          </params>
          <reporter-output>
          </reporter-output>
        </test-method> <!-- startUp -->
        <test-method status="PASS" signature="verify_PlaceHolders_Of_Fields()[pri:0, instance:tests.PlaceHolderTest@3967e60c]" name="verify_PlaceHolders_Of_Fields" duration-ms="4004" started-at="2022-03-17T02:03:10 EET" finished-at="2022-03-17T02:03:14 EET">
          <reporter-output>
          </reporter-output>
        </test-method> <!-- verify_PlaceHolders_Of_Fields -->
        <test-method status="PASS" signature="tearDown()[pri:0, instance:tests.PlaceHolderTest@3967e60c]" name="tearDown" is-config="true" duration-ms="1119" started-at="2022-03-17T02:03:48 EET" finished-at="2022-03-17T02:03:49 EET">
          <reporter-output>
          </reporter-output>
        </test-method> <!-- tearDown -->
      </class> <!-- tests.PlaceHolderTest -->
      <class name="tests.SuccessfulSubscriptionTest">
        <test-method status="PASS" signature="subscribe_With_All_Valid_Data()[pri:0, instance:tests.SuccessfulSubscriptionTest@38fc5554]" name="subscribe_With_All_Valid_Data" duration-ms="3034" started-at="2022-03-17T02:03:15 EET" finished-at="2022-03-17T02:03:18 EET">
          <reporter-output>
          </reporter-output>
        </test-method> <!-- subscribe_With_All_Valid_Data -->
      </class> <!-- tests.SuccessfulSubscriptionTest -->
    </test> <!-- Blog Feature Test -->
  </suite> <!-- All Test Suite -->
</testng-results>
