<?xml version="1.0" encoding="UTF-8"?>
<testng-results skipped="0" failed="0" ignored="0" total="7" passed="7">
  <reporter-output>
  </reporter-output>
  <suite name="All Test Suite" duration-ms="132872" started-at="2022-03-20T00:46:42 EET" finished-at="2022-03-20T00:48:55 EET">
    <groups>
    </groups>
    <test name="Blog Feature Test" duration-ms="132872" started-at="2022-03-20T00:46:42 EET" finished-at="2022-03-20T00:48:55 EET">
      <class name="tests.EmptyFieldTest">
        <test-method status="PASS" signature="startUp(java.lang.String)[pri:0, instance:tests.EmptyFieldTest@67d180e4]" name="startUp" is-config="true" duration-ms="11715" started-at="2022-03-20T00:48:03 EET" finished-at="2022-03-20T00:48:15 EET">
          <params>
            <param index="0">
              <value>
                <![CDATA[chrome]]>
              </value>
            </param>
          </params>
          <reporter-output>
          </reporter-output>
        </test-method> <!-- startUp -->
        <test-method status="PASS" signature="subscribe_With_All_Empty_Fields()[pri:0, instance:tests.EmptyFieldTest@67d180e4]" name="subscribe_With_All_Empty_Fields" duration-ms="1495" started-at="2022-03-20T00:48:15 EET" finished-at="2022-03-20T00:48:16 EET">
          <reporter-output>
          </reporter-output>
        </test-method> <!-- subscribe_With_All_Empty_Fields -->
        <test-method status="PASS" signature="tearDown()[pri:0, instance:tests.EmptyFieldTest@67d180e4]" name="tearDown" is-config="true" duration-ms="1053" started-at="2022-03-20T00:48:16 EET" finished-at="2022-03-20T00:48:17 EET">
          <reporter-output>
          </reporter-output>
        </test-method> <!-- tearDown -->
        <test-method status="PASS" signature="startUp(java.lang.String)[pri:0, instance:tests.EmptyFieldTest@67d180e4]" name="startUp" is-config="true" duration-ms="8545" started-at="2022-03-20T00:48:17 EET" finished-at="2022-03-20T00:48:26 EET">
          <params>
            <param index="0">
              <value>
                <![CDATA[chrome]]>
              </value>
            </param>
          </params>
          <reporter-output>
          </reporter-output>
        </test-method> <!-- startUp -->
        <test-method status="PASS" signature="subscribe_With_Empty_First_Name_Field()[pri:1, instance:tests.EmptyFieldTest@67d180e4]" name="subscribe_With_Empty_First_Name_Field" duration-ms="2106" started-at="2022-03-20T00:48:26 EET" finished-at="2022-03-20T00:48:28 EET">
          <reporter-output>
          </reporter-output>
        </test-method> <!-- subscribe_With_Empty_First_Name_Field -->
        <test-method status="PASS" signature="tearDown()[pri:0, instance:tests.EmptyFieldTest@67d180e4]" name="tearDown" is-config="true" duration-ms="1167" started-at="2022-03-20T00:48:28 EET" finished-at="2022-03-20T00:48:29 EET">
          <reporter-output>
          </reporter-output>
        </test-method> <!-- tearDown -->
        <test-method status="PASS" signature="startUp(java.lang.String)[pri:0, instance:tests.EmptyFieldTest@67d180e4]" name="startUp" is-config="true" duration-ms="9718" started-at="2022-03-20T00:48:29 EET" finished-at="2022-03-20T00:48:39 EET">
          <params>
            <param index="0">
              <value>
                <![CDATA[chrome]]>
              </value>
            </param>
          </params>
          <reporter-output>
          </reporter-output>
        </test-method> <!-- startUp -->
        <test-method status="PASS" signature="subscribe_With_Empty_Last_Name_Field()[pri:2, instance:tests.EmptyFieldTest@67d180e4]" name="subscribe_With_Empty_Last_Name_Field" duration-ms="1759" started-at="2022-03-20T00:48:39 EET" finished-at="2022-03-20T00:48:41 EET">
          <reporter-output>
          </reporter-output>
        </test-method> <!-- subscribe_With_Empty_Last_Name_Field -->
        <test-method status="PASS" signature="tearDown()[pri:0, instance:tests.EmptyFieldTest@67d180e4]" name="tearDown" is-config="true" duration-ms="1061" started-at="2022-03-20T00:48:41 EET" finished-at="2022-03-20T00:48:42 EET">
          <reporter-output>
          </reporter-output>
        </test-method> <!-- tearDown -->
        <test-method status="PASS" signature="startUp(java.lang.String)[pri:0, instance:tests.EmptyFieldTest@67d180e4]" name="startUp" is-config="true" duration-ms="9549" started-at="2022-03-20T00:48:42 EET" finished-at="2022-03-20T00:48:51 EET">
          <params>
            <param index="0">
              <value>
                <![CDATA[chrome]]>
              </value>
            </param>
          </params>
          <reporter-output>
          </reporter-output>
        </test-method> <!-- startUp -->
        <test-method status="PASS" signature="subscribe_With_Empty_Email_Field()[pri:3, instance:tests.EmptyFieldTest@67d180e4]" name="subscribe_With_Empty_Email_Field" duration-ms="1794" started-at="2022-03-20T00:48:51 EET" finished-at="2022-03-20T00:48:53 EET">
          <reporter-output>
          </reporter-output>
        </test-method> <!-- subscribe_With_Empty_Email_Field -->
        <test-method status="PASS" signature="tearDown()[pri:0, instance:tests.EmptyFieldTest@67d180e4]" name="tearDown" is-config="true" duration-ms="1490" started-at="2022-03-20T00:48:53 EET" finished-at="2022-03-20T00:48:55 EET">
          <reporter-output>
          </reporter-output>
        </test-method> <!-- tearDown -->
      </class> <!-- tests.EmptyFieldTest -->
      <class name="tests.EmailFormatTest">
        <test-method status="PASS" signature="startUp(java.lang.String)[pri:0, instance:tests.EmailFormatTest@2997ddfc]" name="startUp" is-config="true" duration-ms="13586" started-at="2022-03-20T00:47:46 EET" finished-at="2022-03-20T00:47:59 EET">
          <params>
            <param index="0">
              <value>
                <![CDATA[chrome]]>
              </value>
            </param>
          </params>
          <reporter-output>
          </reporter-output>
        </test-method> <!-- startUp -->
        <test-method status="PASS" signature="subscribe_With_Invalid_Email_Format()[pri:0, instance:tests.EmailFormatTest@2997ddfc]" name="subscribe_With_Invalid_Email_Format" duration-ms="2643" started-at="2022-03-20T00:47:59 EET" finished-at="2022-03-20T00:48:02 EET">
          <reporter-output>
          </reporter-output>
        </test-method> <!-- subscribe_With_Invalid_Email_Format -->
        <test-method status="PASS" signature="tearDown()[pri:0, instance:tests.EmailFormatTest@2997ddfc]" name="tearDown" is-config="true" duration-ms="1052" started-at="2022-03-20T00:48:02 EET" finished-at="2022-03-20T00:48:03 EET">
          <reporter-output>
          </reporter-output>
        </test-method> <!-- tearDown -->
      </class> <!-- tests.EmailFormatTest -->
      <class name="tests.PlaceHolderTest">
        <test-method status="PASS" signature="startUp(java.lang.String)[pri:0, instance:tests.PlaceHolderTest@4df50bcc]" name="startUp" is-config="true" duration-ms="32803" started-at="2022-03-20T00:46:42 EET" finished-at="2022-03-20T00:47:15 EET">
          <params>
            <param index="0">
              <value>
                <![CDATA[chrome]]>
              </value>
            </param>
          </params>
          <reporter-output>
          </reporter-output>
        </test-method> <!-- startUp -->
        <test-method status="PASS" signature="verify_PlaceHolders_Of_Fields()[pri:0, instance:tests.PlaceHolderTest@4df50bcc]" name="verify_PlaceHolders_Of_Fields" duration-ms="5405" started-at="2022-03-20T00:47:15 EET" finished-at="2022-03-20T00:47:21 EET">
          <reporter-output>
          </reporter-output>
        </test-method> <!-- verify_PlaceHolders_Of_Fields -->
        <test-method status="PASS" signature="tearDown()[pri:0, instance:tests.PlaceHolderTest@4df50bcc]" name="tearDown" is-config="true" duration-ms="1792" started-at="2022-03-20T00:47:21 EET" finished-at="2022-03-20T00:47:22 EET">
          <reporter-output>
          </reporter-output>
        </test-method> <!-- tearDown -->
      </class> <!-- tests.PlaceHolderTest -->
      <class name="tests.SuccessfulSubscriptionTest">
        <test-method status="PASS" signature="startUp(java.lang.String)[pri:0, instance:tests.SuccessfulSubscriptionTest@1aa6e3c0]" name="startUp" is-config="true" duration-ms="14408" started-at="2022-03-20T00:47:22 EET" finished-at="2022-03-20T00:47:37 EET">
          <params>
            <param index="0">
              <value>
                <![CDATA[chrome]]>
              </value>
            </param>
          </params>
          <reporter-output>
          </reporter-output>
        </test-method> <!-- startUp -->
        <test-method status="PASS" signature="subscribe_With_All_Valid_Data()[pri:0, instance:tests.SuccessfulSubscriptionTest@1aa6e3c0]" name="subscribe_With_All_Valid_Data" duration-ms="8008" started-at="2022-03-20T00:47:37 EET" finished-at="2022-03-20T00:47:45 EET">
          <reporter-output>
          </reporter-output>
        </test-method> <!-- subscribe_With_All_Valid_Data -->
        <test-method status="PASS" signature="tearDown()[pri:0, instance:tests.SuccessfulSubscriptionTest@1aa6e3c0]" name="tearDown" is-config="true" duration-ms="1030" started-at="2022-03-20T00:47:45 EET" finished-at="2022-03-20T00:47:46 EET">
          <reporter-output>
          </reporter-output>
        </test-method> <!-- tearDown -->
      </class> <!-- tests.SuccessfulSubscriptionTest -->
    </test> <!-- Blog Feature Test -->
  </suite> <!-- All Test Suite -->
</testng-results>
