<?xml version="1.0" encoding="UTF-8"?>
<!-- Generated by org.testng.reporters.JUnitXMLReporter -->
<testsuite hostname="DESKTOP-K5S71EA" ignored="6" name="Blog Feature Test" tests="7" failures="0" timestamp="2022-03-17T02:03:48 EET" time="38.005" errors="0">
  <testcase name="verify_PlaceHolders_Of_Fields" time="4.004" classname="tests.PlaceHolderTest"/>
  <testcase name="subscribe_With_All_Valid_Data" time="3.034" classname="tests.SuccessfulSubscriptionTest"/>
  <testcase name="subscribe_With_Invalid_Email_Format" time="3.475" classname="tests.EmailFormatTest"/>
  <testcase name="subscribe_With_All_Empty_Fields" time="5.157" classname="tests.EmptyFieldTest"/>
  <testcase name="subscribe_With_Empty_First_Name_Field" time="7.312" classname="tests.EmptyFieldTest"/>
  <testcase name="subscribe_With_Empty_Last_Name_Field" time="6.996" classname="tests.EmptyFieldTest"/>
  <testcase name="subscribe_With_Empty_Email_Field" time="7.273" classname="tests.EmptyFieldTest"/>
  <testcase name="@BeforeSuite startUp" time="0.0" classname="tests.TestBase">
    <ignored/>
  </testcase> <!-- @BeforeSuite startUp -->
  <testcase name="@BeforeSuite startUp" time="0.0" classname="tests.TestBase">
    <ignored/>
  </testcase> <!-- @BeforeSuite startUp -->
  <testcase name="@BeforeSuite startUp" time="0.0" classname="tests.TestBase">
    <ignored/>
  </testcase> <!-- @BeforeSuite startUp -->
  <testcase name="@AfterSuite tearDown" time="0.0" classname="tests.TestBase">
    <ignored/>
  </testcase> <!-- @AfterSuite tearDown -->
  <testcase name="@AfterSuite tearDown" time="0.0" classname="tests.TestBase">
    <ignored/>
  </testcase> <!-- @AfterSuite tearDown -->
  <testcase name="@AfterSuite tearDown" time="0.0" classname="tests.TestBase">
    <ignored/>
  </testcase> <!-- @AfterSuite tearDown -->
</testsuite> <!-- Blog Feature Test -->
