<?xml version="1.0" encoding="UTF-8"?>
<!-- Generated by org.testng.reporters.JUnitXMLReporter -->
<testsuite hostname="DESKTOP-K5S71EA" ignored="0" name="Blog Feature Test" tests="7" failures="0" timestamp="2022-03-20T00:48:55 EET" time="132.872" errors="0">
  <testcase name="verify_PlaceHolders_Of_Fields" time="5.405" classname="tests.PlaceHolderTest"/>
  <testcase name="subscribe_With_All_Valid_Data" time="8.008" classname="tests.SuccessfulSubscriptionTest"/>
  <testcase name="subscribe_With_Invalid_Email_Format" time="2.643" classname="tests.EmailFormatTest"/>
  <testcase name="subscribe_With_All_Empty_Fields" time="1.495" classname="tests.EmptyFieldTest"/>
  <testcase name="subscribe_With_Empty_First_Name_Field" time="2.106" classname="tests.EmptyFieldTest"/>
  <testcase name="subscribe_With_Empty_Last_Name_Field" time="1.759" classname="tests.EmptyFieldTest"/>
  <testcase name="subscribe_With_Empty_Email_Field" time="1.794" classname="tests.EmptyFieldTest"/>
</testsuite> <!-- Blog Feature Test -->
